<?xml version="1.0" encoding="UTF-8"?>
<testsuite xmlns:xsi="http://www.w3.org/2001/XMLSchema-instance" xsi:noNamespaceSchemaLocation="https://maven.apache.org/surefire/maven-surefire-plugin/xsd/surefire-test-report.xsd" name="order.CreateOrderTest" time="6.617" tests="1" errors="0" skipped="0" failures="0">
  <properties>
    <property name="java.specification.version" value="16"/>
    <property name="sun.cpu.isalist" value="amd64"/>
    <property name="sun.jnu.encoding" value="Cp1251"/>
    <property name="java.class.path" value="C:\Users\dsladkov\IdeaProjects\Practicum\Diplom_2\target\test-classes;C:\Users\dsladkov\IdeaProjects\Practicum\Diplom_2\target\classes;C:\Users\dsladkov\.m2\repository\junit\junit\4.13.2\junit-4.13.2.jar;C:\Users\dsladkov\.m2\repository\org\hamcrest\hamcrest-core\1.3\hamcrest-core-1.3.jar;C:\Users\dsladkov\.m2\repository\io\rest-assured\rest-assured\5.3.0\rest-assured-5.3.0.jar;C:\Users\dsladkov\.m2\repository\org\apache\groovy\groovy\4.0.6\groovy-4.0.6.jar;C:\Users\dsladkov\.m2\repository\org\apache\groovy\groovy-xml\4.0.6\groovy-xml-4.0.6.jar;C:\Users\dsladkov\.m2\repository\org\apache\httpcomponents\httpclient\4.5.13\httpclient-4.5.13.jar;C:\Users\dsladkov\.m2\repository\org\apache\httpcomponents\httpcore\4.4.13\httpcore-4.4.13.jar;C:\Users\dsladkov\.m2\repository\commons-logging\commons-logging\1.2\commons-logging-1.2.jar;C:\Users\dsladkov\.m2\repository\commons-codec\commons-codec\1.11\commons-codec-1.11.jar;C:\Users\dsladkov\.m2\repository\org\apache\httpcomponents\httpmime\4.5.13\httpmime-4.5.13.jar;C:\Users\dsladkov\.m2\repository\org\hamcrest\hamcrest\2.1\hamcrest-2.1.jar;C:\Users\dsladkov\.m2\repository\org\ccil\cowan\tagsoup\tagsoup\1.2.1\tagsoup-1.2.1.jar;C:\Users\dsladkov\.m2\repository\io\rest-assured\json-path\5.3.0\json-path-5.3.0.jar;C:\Users\dsladkov\.m2\repository\org\apache\groovy\groovy-json\4.0.6\groovy-json-4.0.6.jar;C:\Users\dsladkov\.m2\repository\io\rest-assured\rest-assured-common\5.3.0\rest-assured-common-5.3.0.jar;C:\Users\dsladkov\.m2\repository\io\rest-assured\xml-path\5.3.0\xml-path-5.3.0.jar;C:\Users\dsladkov\.m2\repository\org\apache\commons\commons-lang3\3.11\commons-lang3-3.11.jar;C:\Users\dsladkov\.m2\repository\com\google\code\gson\gson\2.10.1\gson-2.10.1.jar;C:\Users\dsladkov\.m2\repository\io\qameta\allure\allure-junit4\2.21.0\allure-junit4-2.21.0.jar;C:\Users\dsladkov\.m2\repository\io\qameta\allure\allure-java-commons\2.21.0\allure-java-commons-2.21.0.jar;C:\Users\dsladkov\.m2\repository\io\qameta\allure\allure-model\2.21.0\allure-model-2.21.0.jar;C:\Users\dsladkov\.m2\repository\io\qameta\allure\allure-rest-assured\2.21.0\allure-rest-assured-2.21.0.jar;C:\Users\dsladkov\.m2\repository\io\qameta\allure\allure-attachments\2.21.0\allure-attachments-2.21.0.jar;C:\Users\dsladkov\.m2\repository\org\freemarker\freemarker\2.3.31\freemarker-2.3.31.jar;C:\Users\dsladkov\.m2\repository\net\bytebuddy\byte-buddy\1.14.2\byte-buddy-1.14.2.jar;C:\Users\dsladkov\.m2\repository\org\slf4j\slf4j-nop\2.0.5\slf4j-nop-2.0.5.jar;C:\Users\dsladkov\.m2\repository\org\slf4j\slf4j-api\2.0.5\slf4j-api-2.0.5.jar;"/>
    <property name="java.vm.vendor" value="Eclipse Foundation"/>
    <property name="sun.arch.data.model" value="64"/>
    <property name="user.variant" value=""/>
    <property name="java.vendor.url" value="https://adoptium.net/"/>
    <property name="user.timezone" value="Europe/Moscow"/>
    <property name="os.name" value="Windows 10"/>
    <property name="java.vm.specification.version" value="16"/>
    <property name="sun.java.launcher" value="SUN_STANDARD"/>
    <property name="user.country" value="RU"/>
    <property name="sun.boot.library.path" value="C:\Program Files\Java\.jdks\temurin-16.0.2\bin"/>
    <property name="sun.java.command" value="C:\Users\dsladkov\AppData\Local\Temp\surefire8383999571409837188\surefirebooter4485475260100383141.jar C:\Users\dsladkov\AppData\Local\Temp\surefire8383999571409837188 2023-04-30T22-01-19_359-jvmRun1 surefire11112895645772094427tmp surefire_010047836259020951181tmp"/>
    <property name="jdk.debug" value="release"/>
    <property name="surefire.test.class.path" value="C:\Users\dsladkov\IdeaProjects\Practicum\Diplom_2\target\test-classes;C:\Users\dsladkov\IdeaProjects\Practicum\Diplom_2\target\classes;C:\Users\dsladkov\.m2\repository\junit\junit\4.13.2\junit-4.13.2.jar;C:\Users\dsladkov\.m2\repository\org\hamcrest\hamcrest-core\1.3\hamcrest-core-1.3.jar;C:\Users\dsladkov\.m2\repository\io\rest-assured\rest-assured\5.3.0\rest-assured-5.3.0.jar;C:\Users\dsladkov\.m2\repository\org\apache\groovy\groovy\4.0.6\groovy-4.0.6.jar;C:\Users\dsladkov\.m2\repository\org\apache\groovy\groovy-xml\4.0.6\groovy-xml-4.0.6.jar;C:\Users\dsladkov\.m2\repository\org\apache\httpcomponents\httpclient\4.5.13\httpclient-4.5.13.jar;C:\Users\dsladkov\.m2\repository\org\apache\httpcomponents\httpcore\4.4.13\httpcore-4.4.13.jar;C:\Users\dsladkov\.m2\repository\commons-logging\commons-logging\1.2\commons-logging-1.2.jar;C:\Users\dsladkov\.m2\repository\commons-codec\commons-codec\1.11\commons-codec-1.11.jar;C:\Users\dsladkov\.m2\repository\org\apache\httpcomponents\httpmime\4.5.13\httpmime-4.5.13.jar;C:\Users\dsladkov\.m2\repository\org\hamcrest\hamcrest\2.1\hamcrest-2.1.jar;C:\Users\dsladkov\.m2\repository\org\ccil\cowan\tagsoup\tagsoup\1.2.1\tagsoup-1.2.1.jar;C:\Users\dsladkov\.m2\repository\io\rest-assured\json-path\5.3.0\json-path-5.3.0.jar;C:\Users\dsladkov\.m2\repository\org\apache\groovy\groovy-json\4.0.6\groovy-json-4.0.6.jar;C:\Users\dsladkov\.m2\repository\io\rest-assured\rest-assured-common\5.3.0\rest-assured-common-5.3.0.jar;C:\Users\dsladkov\.m2\repository\io\rest-assured\xml-path\5.3.0\xml-path-5.3.0.jar;C:\Users\dsladkov\.m2\repository\org\apache\commons\commons-lang3\3.11\commons-lang3-3.11.jar;C:\Users\dsladkov\.m2\repository\com\google\code\gson\gson\2.10.1\gson-2.10.1.jar;C:\Users\dsladkov\.m2\repository\io\qameta\allure\allure-junit4\2.21.0\allure-junit4-2.21.0.jar;C:\Users\dsladkov\.m2\repository\io\qameta\allure\allure-java-commons\2.21.0\allure-java-commons-2.21.0.jar;C:\Users\dsladkov\.m2\repository\io\qameta\allure\allure-model\2.21.0\allure-model-2.21.0.jar;C:\Users\dsladkov\.m2\repository\io\qameta\allure\allure-rest-assured\2.21.0\allure-rest-assured-2.21.0.jar;C:\Users\dsladkov\.m2\repository\io\qameta\allure\allure-attachments\2.21.0\allure-attachments-2.21.0.jar;C:\Users\dsladkov\.m2\repository\org\freemarker\freemarker\2.3.31\freemarker-2.3.31.jar;C:\Users\dsladkov\.m2\repository\net\bytebuddy\byte-buddy\1.14.2\byte-buddy-1.14.2.jar;C:\Users\dsladkov\.m2\repository\org\slf4j\slf4j-nop\2.0.5\slf4j-nop-2.0.5.jar;C:\Users\dsladkov\.m2\repository\org\slf4j\slf4j-api\2.0.5\slf4j-api-2.0.5.jar;"/>
    <property name="allure.results.directory" value="C:\Users\dsladkov\IdeaProjects\Practicum\Diplom_2\target/allure-results"/>
    <property name="sun.cpu.endian" value="little"/>
    <property name="user.home" value="C:\Users\dsladkov"/>
    <property name="user.language" value="ru"/>
    <property name="java.specification.vendor" value="Oracle Corporation"/>
    <property name="java.version.date" value="2021-07-20"/>
    <property name="java.home" value="C:\Program Files\Java\.jdks\temurin-16.0.2"/>
    <property name="file.separator" value="\"/>
    <property name="basedir" value="C:\Users\dsladkov\IdeaProjects\Practicum\Diplom_2"/>
    <property name="java.vm.compressedOopsMode" value="Zero based"/>
    <property name="line.separator" value="&#10;"/>
    <property name="java.vm.specification.vendor" value="Oracle Corporation"/>
    <property name="java.specification.name" value="Java Platform API Specification"/>
    <property name="surefire.real.class.path" value="C:\Users\dsladkov\AppData\Local\Temp\surefire8383999571409837188\surefirebooter4485475260100383141.jar"/>
    <property name="user.script" value=""/>
    <property name="sun.management.compiler" value="HotSpot 64-Bit Tiered Compilers"/>
    <property name="java.runtime.version" value="16.0.2+7"/>
    <property name="user.name" value="dsladkov"/>
    <property name="path.separator" value=";"/>
    <property name="os.version" value="10.0"/>
    <property name="java.runtime.name" value="OpenJDK Runtime Environment"/>
    <property name="file.encoding" value="Cp1251"/>
    <property name="java.vm.name" value="OpenJDK 64-Bit Server VM"/>
    <property name="java.vendor.version" value="Temurin-16.0.2+7"/>
    <property name="localRepository" value="C:\Users\dsladkov\.m2\repository"/>
    <property name="java.vendor.url.bug" value="https://github.com/adoptium/adoptium-support/issues"/>
    <property name="java.io.tmpdir" value="C:\Users\dsladkov\AppData\Local\Temp\"/>
    <property name="idea.version" value="2022.1.3"/>
    <property name="java.version" value="16.0.2"/>
    <property name="user.dir" value="C:\Users\dsladkov\IdeaProjects\Practicum\Diplom_2"/>
    <property name="os.arch" value="amd64"/>
    <property name="java.vm.specification.name" value="Java Virtual Machine Specification"/>
    <property name="sun.os.patch.level" value=""/>
    <property name="java.library.path" value="C:\Program Files\Java\.jdks\temurin-16.0.2\bin;C:\WINDOWS\Sun\Java\bin;C:\WINDOWS\system32;C:\WINDOWS;C:\Python310\Scripts\;C:\Python310\;C:\Program Files (x86)\Common Files\Oracle\Java\javapath;C:\Python39\Scripts\;C:\Python39\;C:\WINDOWS\system32;C:\WINDOWS;C:\WINDOWS\System32\Wbem;C:\WINDOWS\System32\WindowsPowerShell\v1.0\;C:\WINDOWS\System32\OpenSSH\;C:\ProgramData\chocolatey\bin;C:\Program Files\Docker\Docker\resources\bin;C:\ProgramData\DockerDesktop\version-bin;C:\Program Files\Git\cmd;C:\Program Files\nodejs\;C:\apache-maven-3.8.6\bin;C:\Users\dsladkov\WebDriver\bin;C:\Program Files\allure-2.17.3\bin;C:\Users\dsladkov\AppData\Local\Microsoft\WindowsApps;C:\Users\dsladkov\AppData\Local\Programs\Microsoft VS Code\bin;C:\Users\dsladkov\AppData\Local\Programs\Git\cmd;C:\Users\dsladkov\AppData\Roaming\npm;C:\Users\dsladkov\AppData\Local\Programs\Fiddler;."/>
    <property name="java.vm.info" value="mixed mode, sharing"/>
    <property name="java.vendor" value="Eclipse Foundation"/>
    <property name="java.vm.version" value="16.0.2+7"/>
    <property name="sun.io.unicode.encoding" value="UnicodeLittle"/>
    <property name="java.class.version" value="60.0"/>
  </properties>
  <testcase name="createOrderSuccess" classname="order.CreateOrderTest" time="6.273"/>
</testsuite>